<?xml version="1.0" encoding="UTF-8"?><testsuite errors="0" failures="1" name="org.netbeans.nbbuild.CheckLinks" tests="1" time="0.0">
    <testcase classname="org.netbeans.nbbuild.CheckLinks" name="testBrokenLinks" time="0.0">
        <failure message="There were broken links" type="junit.framework.AssertionFailedError">There were broken links
/home/nsigma/Code/NetBeans/incubator-netbeans/junit/arch.xml:191:157: Broken link: file:/home/nsigma/Code/NetBeans/incubator-netbeans/nbbuild/build/javadoc/org-openide-explorer/overview-summary.html
/home/nsigma/Code/NetBeans/incubator-netbeans/junit/arch.xml:280:165: Broken link: file:/home/nsigma/Code/NetBeans/incubator-netbeans/nbbuild/build/javadoc/org-openide-windows/overview-summary.html
/home/nsigma/Code/NetBeans/incubator-netbeans/junit/arch.xml:206:165: Broken link: file:/home/nsigma/Code/NetBeans/incubator-netbeans/nbbuild/build/javadoc/org-openide-awt/overview-summary.html
/home/nsigma/Code/NetBeans/incubator-netbeans/junit/arch.xml:131:163: Broken link: file:/home/nsigma/Code/NetBeans/incubator-netbeans/nbbuild/build/javadoc/org-openide-filesystems/overview-summary.html
/home/nsigma/Code/NetBeans/incubator-netbeans/junit/arch.xml:176:151: Broken link: file:/home/nsigma/Code/NetBeans/incubator-netbeans/nbbuild/build/javadoc/org-openide-nodes/overview-summary.html
/home/nsigma/Code/NetBeans/incubator-netbeans/junit/arch.xml:161:155: Broken link: file:/home/nsigma/Code/NetBeans/incubator-netbeans/nbbuild/build/javadoc/org-openide-modules/overview-summary.html</failure>
    </testcase>
</testsuite>
