<?xml version="1.0" encoding="UTF-8"?><testsuite errors="0" failures="1" name="org.netbeans.nbbuild.CheckLinks" tests="1" time="0.0">
    <testcase classname="org.netbeans.nbbuild.CheckLinks" name="testBrokenLinks" time="0.0">
        <failure message="There were broken links" type="junit.framework.AssertionFailedError">There were broken links
/home/nsigma/Code/NetBeans/incubator-netbeans/nbjunit/apichanges.xml:508:26: Broken link: file:/home/nsigma/Code/NetBeans/incubator-netbeans/nbbuild/build/javadoc/org-openide-util/org/openide/util/doc-files/preferences.html
/home/nsigma/Code/NetBeans/incubator-netbeans/nbjunit/arch.xml:117:32: Broken link: file:/home/nsigma/Code/NetBeans/incubator-netbeans/nbbuild/build/javadoc/org-openide-util/org/openide/util/NbBundle.html
/home/nsigma/Code/NetBeans/incubator-netbeans/nbjunit/arch.xml:295:32: broken link (already reported): file:/home/nsigma/Code/NetBeans/incubator-netbeans/nbbuild/build/javadoc/org-openide-util/org/openide/util/NbBundle.html#setBranding-java.lang.String-</failure>
    </testcase>
</testsuite>
